1510332205338	geckodriver	INFO	geckodriver 0.18.0
1510332205378	geckodriver	INFO	Listening on 127.0.0.1:57593
1510332207415	geckodriver::marionette	INFO	Starting browser C:\Program Files (x86)\Mozilla Firefox\firefox.exe with args ["-marionette"]
1510332207999	addons.xpi	WARN	Error parsing extensions state: [Exception... "Component returned failure code: 0x80520012 (NS_ERROR_FILE_NOT_FOUND) [amIAddonManagerStartup.readStartupData]"  nsresult: "0x80520012 (NS_ERROR_FILE_NOT_FOUND)"  location: "JS frame :: resource://gre/modules/addons/XPIProvider.jsm :: loadExtensionState :: line 1554"  data: no] Stack trace: loadExtensionState()@resource://gre/modules/addons/XPIProvider.jsm:1554 < getInstallState()@resource://gre/modules/addons/XPIProvider.jsm:1589 < checkForChanges()@resource://gre/modules/addons/XPIProvider.jsm:3109 < startup()@resource://gre/modules/addons/XPIProvider.jsm:2188 < callProvider()@resource://gre/modules/AddonManager.jsm:269 < _startProvider()@resource://gre/modules/AddonManager.jsm:739 < startup()@resource://gre/modules/AddonManager.jsm:906 < startup()@resource://gre/modules/AddonManager.jsm:3090 < observe()@jar:file:///C:/Program%20Files%20(x86)/Mozilla%20Firefox/omni.ja!/components/addonManager.js:65
1510332208899	Marionette	INFO	Enabled via --marionette
Unable to read VR Path Registry from C:\Users\Administrator\AppData\Local\openvr\openvrpaths.vrpath
[Child 11608] WARNING: pipe error: 109: file z:/build/build/src/ipc/chromium/src/chrome/common/ipc_channel_win.cc, line 346
1510332212895	Marionette	INFO	Listening on port 57601
1510332213396	Marionette	WARN	TLS certificate errors will be ignored for this session
1510332213504	Marionette	DEBUG	Register listener.js for window 4294967297
1510332215319	Marionette	DEBUG	Received DOM event "beforeunload" for "about:blank"
1510332215472	Marionette	DEBUG	Received DOM event "pagehide" for "about:blank"
1510332215473	Marionette	DEBUG	Received DOM event "unload" for "about:blank"
1510332216579	Marionette	DEBUG	Received DOM event "DOMContentLoaded" for "http://qy.58.com/29594821998345/?PGTID=0d211266-0000-02a3-f5f0-60702e1b48bc&ClickID=1"
1510332217379	Marionette	DEBUG	Received DOM event "pageshow" for "http://qy.58.com/29594821998345/?PGTID=0d211266-0000-02a3-f5f0-60702e1b48bc&ClickID=1"
Unable to read VR Path Registry from C:\Users\Administrator\AppData\Local\openvr\openvrpaths.vrpath
JavaScript error: http://bdimg.share.baidu.com/static/api/js/trans/logger.js?v=d16ec0e3.js, line 1: TypeError: n.ajax.request is not a function
1510332259588	Marionette	DEBUG	Received DOM event "beforeunload" for "http://qy.58.com/29594821998345/?PGTID=0d211266-0000-02a3-f5f0-60702e1b48bc&ClickID=1"
1510332259691	Marionette	DEBUG	Received DOM event "pagehide" for "http://qy.58.com/29594821998345/?PGTID=0d211266-0000-02a3-f5f0-60702e1b48bc&ClickID=1"
1510332259699	Marionette	DEBUG	Received DOM event "unload" for "http://qy.58.com/29594821998345/?PGTID=0d211266-0000-02a3-f5f0-60702e1b48bc&ClickID=1"
1510332259920	Marionette	DEBUG	Received observer notification "outer-window-destroyed" for "4294967301"
1510332260601	Marionette	DEBUG	Received DOM event "DOMContentLoaded" for "http://qy.58.com/29594821998345/574/pn2/?PGTID=0d411266-0002-5312-8ce2-51fc7e47de97&ClickID=3"
1510332260954	Marionette	DEBUG	Received DOM event "pageshow" for "http://qy.58.com/29594821998345/574/pn2/?PGTID=0d411266-0002-5312-8ce2-51fc7e47de97&ClickID=3"
JavaScript error: http://bdimg.share.baidu.com/static/api/js/trans/logger.js?v=d16ec0e3.js, line 1: TypeError: n.ajax.request is not a function
1510332303179	Marionette	DEBUG	Received DOM event "beforeunload" for "http://qy.58.com/29594821998345/574/pn2/?PGTID=0d411266-0002-5312-8ce2-51fc7e47de97&ClickID=3"
1510332303363	Marionette	DEBUG	Received DOM event "pagehide" for "http://qy.58.com/29594821998345/574/pn2/?PGTID=0d411266-0002-5312-8ce2-51fc7e47de97&ClickID=3"
1510332303369	Marionette	DEBUG	Received DOM event "unload" for "http://qy.58.com/29594821998345/574/pn2/?PGTID=0d411266-0002-5312-8ce2-51fc7e47de97&ClickID=3"
1510332303613	Marionette	DEBUG	Received observer notification "outer-window-destroyed" for "4294967305"
1510332304211	Marionette	DEBUG	Received DOM event "DOMContentLoaded" for "http://qy.58.com/29594821998345/574/pn3/?PGTID=0d411266-0002-51f2-be8d-2506e0c3257b&ClickID=3"
1510332304566	Marionette	DEBUG	Received DOM event "pageshow" for "http://qy.58.com/29594821998345/574/pn3/?PGTID=0d411266-0002-51f2-be8d-2506e0c3257b&ClickID=3"
JavaScript error: http://bdimg.share.baidu.com/static/api/js/trans/logger.js?v=d16ec0e3.js, line 1: TypeError: n.ajax.request is not a function
1510332346656	Marionette	DEBUG	Received DOM event "beforeunload" for "http://qy.58.com/29594821998345/574/pn3/?PGTID=0d411266-0002-51f2-be8d-2506e0c3257b&ClickID=3"
1510332346791	Marionette	DEBUG	Received DOM event "pagehide" for "http://qy.58.com/29594821998345/574/pn3/?PGTID=0d411266-0002-51f2-be8d-2506e0c3257b&ClickID=3"
1510332346795	Marionette	DEBUG	Received DOM event "unload" for "http://qy.58.com/29594821998345/574/pn3/?PGTID=0d411266-0002-51f2-be8d-2506e0c3257b&ClickID=3"
1510332347527	Marionette	DEBUG	Received observer notification "outer-window-destroyed" for "4294967309"
1510332350068	Marionette	DEBUG	Received DOM event "DOMContentLoaded" for "http://qy.58.com/29594821998345/574/pn4/?PGTID=0d411266-0002-56dd-edf9-141314d4b7b8&ClickID=3"
1510332350497	Marionette	DEBUG	Received DOM event "pageshow" for "http://qy.58.com/29594821998345/574/pn4/?PGTID=0d411266-0002-56dd-edf9-141314d4b7b8&ClickID=3"
JavaScript error: http://bdimg.share.baidu.com/static/api/js/trans/logger.js?v=d16ec0e3.js, line 1: TypeError: n.ajax.request is not a function
1510332392676	Marionette	DEBUG	Received DOM event "beforeunload" for "http://qy.58.com/29594821998345/574/pn4/?PGTID=0d411266-0002-56dd-edf9-141314d4b7b8&ClickID=3"
1510332392817	Marionette	DEBUG	Received DOM event "pagehide" for "http://qy.58.com/29594821998345/574/pn4/?PGTID=0d411266-0002-56dd-edf9-141314d4b7b8&ClickID=3"
1510332392822	Marionette	DEBUG	Received DOM event "unload" for "http://qy.58.com/29594821998345/574/pn4/?PGTID=0d411266-0002-56dd-edf9-141314d4b7b8&ClickID=3"
1510332393100	Marionette	DEBUG	Received observer notification "outer-window-destroyed" for "4294967313"
1510332393692	Marionette	DEBUG	Received DOM event "DOMContentLoaded" for "http://qy.58.com/29594821998345/574/pn5/?PGTID=0d411266-0002-5033-aab9-f7527e284c38&ClickID=4"
1510332394070	Marionette	DEBUG	Received DOM event "pageshow" for "http://qy.58.com/29594821998345/574/pn5/?PGTID=0d411266-0002-5033-aab9-f7527e284c38&ClickID=4"
JavaScript error: http://bdimg.share.baidu.com/static/api/js/trans/logger.js?v=d16ec0e3.js, line 1: TypeError: n.ajax.request is not a function
1510332436302	Marionette	DEBUG	Received DOM event "beforeunload" for "http://qy.58.com/29594821998345/574/pn5/?PGTID=0d411266-0002-5033-aab9-f7527e284c38&ClickID=4"
1510332436501	Marionette	DEBUG	Received DOM event "pagehide" for "http://qy.58.com/29594821998345/574/pn5/?PGTID=0d411266-0002-5033-aab9-f7527e284c38&ClickID=4"
1510332436507	Marionette	DEBUG	Received DOM event "unload" for "http://qy.58.com/29594821998345/574/pn5/?PGTID=0d411266-0002-5033-aab9-f7527e284c38&ClickID=4"
1510332436705	Marionette	DEBUG	Received observer notification "outer-window-destroyed" for "4294967317"
1510332437486	Marionette	DEBUG	Received DOM event "DOMContentLoaded" for "http://qy.58.com/29594821998345/574/pn6/?PGTID=0d411266-0002-5330-b04b-8bf509a062bc&ClickID=3"
1510332437989	Marionette	DEBUG	Received DOM event "pageshow" for "http://qy.58.com/29594821998345/574/pn6/?PGTID=0d411266-0002-5330-b04b-8bf509a062bc&ClickID=3"
JavaScript error: http://bdimg.share.baidu.com/static/api/js/trans/logger.js?v=d16ec0e3.js, line 1: TypeError: n.ajax.request is not a function
1510332480108	Marionette	DEBUG	Received DOM event "beforeunload" for "http://qy.58.com/29594821998345/574/pn6/?PGTID=0d411266-0002-5330-b04b-8bf509a062bc&ClickID=3"
1510332480255	Marionette	DEBUG	Received DOM event "pagehide" for "http://qy.58.com/29594821998345/574/pn6/?PGTID=0d411266-0002-5330-b04b-8bf509a062bc&ClickID=3"
1510332480271	Marionette	DEBUG	Received DOM event "unload" for "http://qy.58.com/29594821998345/574/pn6/?PGTID=0d411266-0002-5330-b04b-8bf509a062bc&ClickID=3"
1510332480584	Marionette	DEBUG	Received observer notification "outer-window-destroyed" for "4294967321"
1510332481505	Marionette	DEBUG	Received DOM event "DOMContentLoaded" for "http://qy.58.com/29594821998345/574/pn7/?PGTID=0d411266-0002-5d91-5651-a8e0fd94cf9a&ClickID=3"
1510332481985	Marionette	DEBUG	Received DOM event "pageshow" for "http://qy.58.com/29594821998345/574/pn7/?PGTID=0d411266-0002-5d91-5651-a8e0fd94cf9a&ClickID=3"
JavaScript error: http://bdimg.share.baidu.com/static/api/js/trans/logger.js?v=d16ec0e3.js, line 1: TypeError: n.ajax.request is not a function
1510332524141	Marionette	DEBUG	Received DOM event "beforeunload" for "http://qy.58.com/29594821998345/574/pn7/?PGTID=0d411266-0002-5d91-5651-a8e0fd94cf9a&ClickID=3"
1510332524272	Marionette	DEBUG	Received DOM event "pagehide" for "http://qy.58.com/29594821998345/574/pn7/?PGTID=0d411266-0002-5d91-5651-a8e0fd94cf9a&ClickID=3"
1510332524285	Marionette	DEBUG	Received DOM event "unload" for "http://qy.58.com/29594821998345/574/pn7/?PGTID=0d411266-0002-5d91-5651-a8e0fd94cf9a&ClickID=3"
1510332524490	Marionette	DEBUG	Received observer notification "outer-window-destroyed" for "4294967325"
1510332525172	Marionette	DEBUG	Received DOM event "DOMContentLoaded" for "http://qy.58.com/29594821998345/574/pn8/?PGTID=0d411266-0002-5097-758f-612880cc06ae&ClickID=3"
1510332525517	Marionette	DEBUG	Received DOM event "pageshow" for "http://qy.58.com/29594821998345/574/pn8/?PGTID=0d411266-0002-5097-758f-612880cc06ae&ClickID=3"
JavaScript error: http://bdimg.share.baidu.com/static/api/js/trans/logger.js?v=d16ec0e3.js, line 1: TypeError: n.ajax.request is not a function
1510332567613	Marionette	DEBUG	Received DOM event "beforeunload" for "http://qy.58.com/29594821998345/574/pn8/?PGTID=0d411266-0002-5097-758f-612880cc06ae&ClickID=3"
1510332567747	Marionette	DEBUG	Received DOM event "pagehide" for "http://qy.58.com/29594821998345/574/pn8/?PGTID=0d411266-0002-5097-758f-612880cc06ae&ClickID=3"
1510332567761	Marionette	DEBUG	Received DOM event "unload" for "http://qy.58.com/29594821998345/574/pn8/?PGTID=0d411266-0002-5097-758f-612880cc06ae&ClickID=3"
1510332567973	Marionette	DEBUG	Received observer notification "outer-window-destroyed" for "4294967329"
1510332568639	Marionette	DEBUG	Received DOM event "DOMContentLoaded" for "http://qy.58.com/29594821998345/574/pn9/?PGTID=0d411266-0002-5807-2f01-e747b0782176&ClickID=3"
1510332569073	Marionette	DEBUG	Received DOM event "pageshow" for "http://qy.58.com/29594821998345/574/pn9/?PGTID=0d411266-0002-5807-2f01-e747b0782176&ClickID=3"
JavaScript error: http://bdimg.share.baidu.com/static/api/js/trans/logger.js?v=d16ec0e3.js, line 1: TypeError: n.ajax.request is not a function
1510332611446	Marionette	DEBUG	Received DOM event "beforeunload" for "http://qy.58.com/29594821998345/574/pn9/?PGTID=0d411266-0002-5807-2f01-e747b0782176&ClickID=3"
1510332611608	Marionette	DEBUG	Received DOM event "pagehide" for "http://qy.58.com/29594821998345/574/pn9/?PGTID=0d411266-0002-5807-2f01-e747b0782176&ClickID=3"
1510332611614	Marionette	DEBUG	Received DOM event "unload" for "http://qy.58.com/29594821998345/574/pn9/?PGTID=0d411266-0002-5807-2f01-e747b0782176&ClickID=3"
1510332611810	Marionette	DEBUG	Received observer notification "outer-window-destroyed" for "4294967333"
1510332612525	Marionette	DEBUG	Received DOM event "DOMContentLoaded" for "http://qy.58.com/29594821998345/574/pn10/?PGTID=0d411266-0002-5cce-a937-9417d2959562&ClickID=3"
1510332612948	Marionette	DEBUG	Received DOM event "pageshow" for "http://qy.58.com/29594821998345/574/pn10/?PGTID=0d411266-0002-5cce-a937-9417d2959562&ClickID=3"
JavaScript error: http://bdimg.share.baidu.com/static/api/js/trans/logger.js?v=d16ec0e3.js, line 1: TypeError: n.ajax.request is not a function
1510332655151	Marionette	DEBUG	Received DOM event "beforeunload" for "http://qy.58.com/29594821998345/574/pn10/?PGTID=0d411266-0002-5cce-a937-9417d2959562&ClickID=3"
1510332655302	Marionette	DEBUG	Received DOM event "pagehide" for "http://qy.58.com/29594821998345/574/pn10/?PGTID=0d411266-0002-5cce-a937-9417d2959562&ClickID=3"
1510332655311	Marionette	DEBUG	Received DOM event "unload" for "http://qy.58.com/29594821998345/574/pn10/?PGTID=0d411266-0002-5cce-a937-9417d2959562&ClickID=3"
1510332655513	Marionette	DEBUG	Received observer notification "outer-window-destroyed" for "4294967337"
1510332656170	Marionette	DEBUG	Received DOM event "DOMContentLoaded" for "http://qy.58.com/29594821998345/574/pn11/?PGTID=0d411266-0002-5b9a-9361-d2ddfd5caec0&ClickID=3"
1510332656614	Marionette	DEBUG	Received DOM event "pageshow" for "http://qy.58.com/29594821998345/574/pn11/?PGTID=0d411266-0002-5b9a-9361-d2ddfd5caec0&ClickID=3"
JavaScript error: http://bdimg.share.baidu.com/static/api/js/trans/logger.js?v=d16ec0e3.js, line 1: TypeError: n.ajax.request is not a function
1510332698757	Marionette	DEBUG	Received DOM event "beforeunload" for "http://qy.58.com/29594821998345/574/pn11/?PGTID=0d411266-0002-5b9a-9361-d2ddfd5caec0&ClickID=3"
1510332698888	Marionette	DEBUG	Received DOM event "pagehide" for "http://qy.58.com/29594821998345/574/pn11/?PGTID=0d411266-0002-5b9a-9361-d2ddfd5caec0&ClickID=3"
1510332698893	Marionette	DEBUG	Received DOM event "unload" for "http://qy.58.com/29594821998345/574/pn11/?PGTID=0d411266-0002-5b9a-9361-d2ddfd5caec0&ClickID=3"
1510332699100	Marionette	DEBUG	Received observer notification "outer-window-destroyed" for "4294967341"
1510332699737	Marionette	DEBUG	Received DOM event "DOMContentLoaded" for "http://qy.58.com/29594821998345/574/pn12/?PGTID=0d411266-0002-50b5-04cf-964ba46d016f&ClickID=3"
1510332700195	Marionette	DEBUG	Received DOM event "pageshow" for "http://qy.58.com/29594821998345/574/pn12/?PGTID=0d411266-0002-50b5-04cf-964ba46d016f&ClickID=3"
JavaScript error: http://bdimg.share.baidu.com/static/api/js/trans/logger.js?v=d16ec0e3.js, line 1: TypeError: n.ajax.request is not a function
1510332742306	Marionette	DEBUG	Received DOM event "beforeunload" for "http://qy.58.com/29594821998345/574/pn12/?PGTID=0d411266-0002-50b5-04cf-964ba46d016f&ClickID=3"
1510332742454	Marionette	DEBUG	Received DOM event "pagehide" for "http://qy.58.com/29594821998345/574/pn12/?PGTID=0d411266-0002-50b5-04cf-964ba46d016f&ClickID=3"
1510332742470	Marionette	DEBUG	Received DOM event "unload" for "http://qy.58.com/29594821998345/574/pn12/?PGTID=0d411266-0002-50b5-04cf-964ba46d016f&ClickID=3"
1510332742690	Marionette	DEBUG	Received observer notification "outer-window-destroyed" for "4294967345"
1510332743292	Marionette	DEBUG	Received DOM event "DOMContentLoaded" for "http://qy.58.com/29594821998345/574/pn13/?PGTID=0d411266-0002-5114-d904-2c69ab575413&ClickID=3"
1510332743670	Marionette	DEBUG	Received DOM event "pageshow" for "http://qy.58.com/29594821998345/574/pn13/?PGTID=0d411266-0002-5114-d904-2c69ab575413&ClickID=3"
JavaScript error: http://bdimg.share.baidu.com/static/api/js/trans/logger.js?v=d16ec0e3.js, line 1: TypeError: n.ajax.request is not a function
1510332785798	Marionette	DEBUG	Received DOM event "beforeunload" for "http://qy.58.com/29594821998345/574/pn13/?PGTID=0d411266-0002-5114-d904-2c69ab575413&ClickID=3"
1510332785933	Marionette	DEBUG	Received DOM event "pagehide" for "http://qy.58.com/29594821998345/574/pn13/?PGTID=0d411266-0002-5114-d904-2c69ab575413&ClickID=3"
1510332785941	Marionette	DEBUG	Received DOM event "unload" for "http://qy.58.com/29594821998345/574/pn13/?PGTID=0d411266-0002-5114-d904-2c69ab575413&ClickID=3"
1510332786199	Marionette	DEBUG	Received observer notification "outer-window-destroyed" for "4294967349"
1510332786893	Marionette	DEBUG	Received DOM event "DOMContentLoaded" for "http://qy.58.com/29594821998345/574/pn14/?PGTID=0d411266-0002-54c2-5641-343e41cc18fa&ClickID=3"
1510332787299	Marionette	DEBUG	Received DOM event "pageshow" for "http://qy.58.com/29594821998345/574/pn14/?PGTID=0d411266-0002-54c2-5641-343e41cc18fa&ClickID=3"
JavaScript error: http://bdimg.share.baidu.com/static/api/js/trans/logger.js?v=d16ec0e3.js, line 1: TypeError: n.ajax.request is not a function
1510332829339	Marionette	DEBUG	Received DOM event "beforeunload" for "http://qy.58.com/29594821998345/574/pn14/?PGTID=0d411266-0002-54c2-5641-343e41cc18fa&ClickID=3"
1510332829476	Marionette	DEBUG	Received DOM event "pagehide" for "http://qy.58.com/29594821998345/574/pn14/?PGTID=0d411266-0002-54c2-5641-343e41cc18fa&ClickID=3"
1510332829490	Marionette	DEBUG	Received DOM event "unload" for "http://qy.58.com/29594821998345/574/pn14/?PGTID=0d411266-0002-54c2-5641-343e41cc18fa&ClickID=3"
1510332829712	Marionette	DEBUG	Received observer notification "outer-window-destroyed" for "4294967353"
1510332830311	Marionette	DEBUG	Received DOM event "DOMContentLoaded" for "http://qy.58.com/29594821998345/574/pn15/?PGTID=0d411266-0002-5fd8-7349-9ce5f7d14f01&ClickID=3"
1510332830701	Marionette	DEBUG	Received DOM event "pageshow" for "http://qy.58.com/29594821998345/574/pn15/?PGTID=0d411266-0002-5fd8-7349-9ce5f7d14f01&ClickID=3"
JavaScript error: http://bdimg.share.baidu.com/static/api/js/trans/logger.js?v=d16ec0e3.js, line 1: TypeError: n.ajax.request is not a function
1510332872815	Marionette	DEBUG	Received DOM event "beforeunload" for "http://qy.58.com/29594821998345/574/pn15/?PGTID=0d411266-0002-5fd8-7349-9ce5f7d14f01&ClickID=3"
1510332872938	Marionette	DEBUG	Received DOM event "pagehide" for "http://qy.58.com/29594821998345/574/pn15/?PGTID=0d411266-0002-5fd8-7349-9ce5f7d14f01&ClickID=3"
1510332872942	Marionette	DEBUG	Received DOM event "unload" for "http://qy.58.com/29594821998345/574/pn15/?PGTID=0d411266-0002-5fd8-7349-9ce5f7d14f01&ClickID=3"
1510332873179	Marionette	DEBUG	Received observer notification "outer-window-destroyed" for "4294967357"
1510332873821	Marionette	DEBUG	Received DOM event "DOMContentLoaded" for "http://qy.58.com/29594821998345/574/pn16/?PGTID=0d411266-0002-5852-be88-ae3f6a5b8116&ClickID=3"
1510332874240	Marionette	DEBUG	Received DOM event "pageshow" for "http://qy.58.com/29594821998345/574/pn16/?PGTID=0d411266-0002-5852-be88-ae3f6a5b8116&ClickID=3"
JavaScript error: http://bdimg.share.baidu.com/static/api/js/trans/logger.js?v=d16ec0e3.js, line 1: TypeError: n.ajax.request is not a function
1510332916306	Marionette	DEBUG	Received DOM event "beforeunload" for "http://qy.58.com/29594821998345/574/pn16/?PGTID=0d411266-0002-5852-be88-ae3f6a5b8116&ClickID=3"
1510332916458	Marionette	DEBUG	Received DOM event "pagehide" for "http://qy.58.com/29594821998345/574/pn16/?PGTID=0d411266-0002-5852-be88-ae3f6a5b8116&ClickID=3"
1510332916472	Marionette	DEBUG	Received DOM event "unload" for "http://qy.58.com/29594821998345/574/pn16/?PGTID=0d411266-0002-5852-be88-ae3f6a5b8116&ClickID=3"
1510332916658	Marionette	DEBUG	Received observer notification "outer-window-destroyed" for "4294967361"
1510332917284	Marionette	DEBUG	Received DOM event "DOMContentLoaded" for "http://qy.58.com/29594821998345/574/pn17/?PGTID=0d411266-0002-5b46-16a0-c85db9c16bd2&ClickID=3"
1510332917675	Marionette	DEBUG	Received DOM event "pageshow" for "http://qy.58.com/29594821998345/574/pn17/?PGTID=0d411266-0002-5b46-16a0-c85db9c16bd2&ClickID=3"
JavaScript error: http://bdimg.share.baidu.com/static/api/js/trans/logger.js?v=d16ec0e3.js, line 1: TypeError: n.ajax.request is not a function
1510332959848	Marionette	DEBUG	Received DOM event "beforeunload" for "http://qy.58.com/29594821998345/574/pn17/?PGTID=0d411266-0002-5b46-16a0-c85db9c16bd2&ClickID=3"
1510332960021	Marionette	DEBUG	Received DOM event "pagehide" for "http://qy.58.com/29594821998345/574/pn17/?PGTID=0d411266-0002-5b46-16a0-c85db9c16bd2&ClickID=3"
1510332960028	Marionette	DEBUG	Received DOM event "unload" for "http://qy.58.com/29594821998345/574/pn17/?PGTID=0d411266-0002-5b46-16a0-c85db9c16bd2&ClickID=3"
1510332960378	Marionette	DEBUG	Received observer notification "outer-window-destroyed" for "4294967365"
1510332961896	Marionette	DEBUG	Received DOM event "DOMContentLoaded" for "http://qy.58.com/29594821998345/574/pn18/?PGTID=0d411266-0002-5176-ba7c-8c83a05f8bfe&ClickID=3"
1510332962362	Marionette	DEBUG	Received DOM event "pageshow" for "http://qy.58.com/29594821998345/574/pn18/?PGTID=0d411266-0002-5176-ba7c-8c83a05f8bfe&ClickID=3"
JavaScript error: http://bdimg.share.baidu.com/static/api/js/trans/logger.js?v=d16ec0e3.js, line 1: TypeError: n.ajax.request is not a function
1510333004450	Marionette	DEBUG	Received DOM event "beforeunload" for "http://qy.58.com/29594821998345/574/pn18/?PGTID=0d411266-0002-5176-ba7c-8c83a05f8bfe&ClickID=3"
1510333004593	Marionette	DEBUG	Received DOM event "pagehide" for "http://qy.58.com/29594821998345/574/pn18/?PGTID=0d411266-0002-5176-ba7c-8c83a05f8bfe&ClickID=3"
1510333004607	Marionette	DEBUG	Received DOM event "unload" for "http://qy.58.com/29594821998345/574/pn18/?PGTID=0d411266-0002-5176-ba7c-8c83a05f8bfe&ClickID=3"
1510333004811	Marionette	DEBUG	Received observer notification "outer-window-destroyed" for "4294967369"
1510333005412	Marionette	DEBUG	Received DOM event "DOMContentLoaded" for "http://qy.58.com/29594821998345/574/pn19/?PGTID=0d411266-0002-540b-48c5-d75cb3878df0&ClickID=3"
1510333005850	Marionette	DEBUG	Received DOM event "pageshow" for "http://qy.58.com/29594821998345/574/pn19/?PGTID=0d411266-0002-540b-48c5-d75cb3878df0&ClickID=3"
JavaScript error: http://bdimg.share.baidu.com/static/api/js/trans/logger.js?v=d16ec0e3.js, line 1: TypeError: n.ajax.request is not a function
1510333048081	Marionette	DEBUG	Received DOM event "beforeunload" for "http://qy.58.com/29594821998345/574/pn19/?PGTID=0d411266-0002-540b-48c5-d75cb3878df0&ClickID=3"
1510333048227	Marionette	DEBUG	Received DOM event "pagehide" for "http://qy.58.com/29594821998345/574/pn19/?PGTID=0d411266-0002-540b-48c5-d75cb3878df0&ClickID=3"
1510333048233	Marionette	DEBUG	Received DOM event "unload" for "http://qy.58.com/29594821998345/574/pn19/?PGTID=0d411266-0002-540b-48c5-d75cb3878df0&ClickID=3"
1510333048445	Marionette	DEBUG	Received observer notification "outer-window-destroyed" for "4294967373"
1510333049047	Marionette	DEBUG	Received DOM event "DOMContentLoaded" for "http://qy.58.com/29594821998345/574/pn20/?PGTID=0d411266-0002-5b47-5596-d23b854c9bdb&ClickID=3"
1510333049458	Marionette	DEBUG	Received DOM event "pageshow" for "http://qy.58.com/29594821998345/574/pn20/?PGTID=0d411266-0002-5b47-5596-d23b854c9bdb&ClickID=3"
JavaScript error: http://bdimg.share.baidu.com/static/api/js/trans/logger.js?v=d16ec0e3.js, line 1: TypeError: n.ajax.request is not a function
1510333091745	Marionette	DEBUG	Received DOM event "beforeunload" for "http://qy.58.com/29594821998345/574/pn20/?PGTID=0d411266-0002-5b47-5596-d23b854c9bdb&ClickID=3"
1510333091900	Marionette	DEBUG	Received DOM event "pagehide" for "http://qy.58.com/29594821998345/574/pn20/?PGTID=0d411266-0002-5b47-5596-d23b854c9bdb&ClickID=3"
1510333091915	Marionette	DEBUG	Received DOM event "unload" for "http://qy.58.com/29594821998345/574/pn20/?PGTID=0d411266-0002-5b47-5596-d23b854c9bdb&ClickID=3"
1510333092132	Marionette	DEBUG	Received observer notification "outer-window-destroyed" for "4294967377"
1510333092966	Marionette	DEBUG	Received DOM event "DOMContentLoaded" for "http://qy.58.com/29594821998345/574/pn21/?PGTID=0d411266-0002-51bf-9d74-06abba282201&ClickID=3"
1510333093476	Marionette	DEBUG	Received DOM event "pageshow" for "http://qy.58.com/29594821998345/574/pn21/?PGTID=0d411266-0002-51bf-9d74-06abba282201&ClickID=3"
JavaScript error: http://bdimg.share.baidu.com/static/api/js/trans/logger.js?v=d16ec0e3.js, line 1: TypeError: n.ajax.request is not a function
1510333135566	Marionette	DEBUG	Received DOM event "beforeunload" for "http://qy.58.com/29594821998345/574/pn21/?PGTID=0d411266-0002-51bf-9d74-06abba282201&ClickID=3"
1510333135700	Marionette	DEBUG	Received DOM event "pagehide" for "http://qy.58.com/29594821998345/574/pn21/?PGTID=0d411266-0002-51bf-9d74-06abba282201&ClickID=3"
1510333135704	Marionette	DEBUG	Received DOM event "unload" for "http://qy.58.com/29594821998345/574/pn21/?PGTID=0d411266-0002-51bf-9d74-06abba282201&ClickID=3"
1510333135910	Marionette	DEBUG	Received observer notification "outer-window-destroyed" for "4294967381"
1510333136541	Marionette	DEBUG	Received DOM event "DOMContentLoaded" for "http://qy.58.com/29594821998345/574/pn22/?PGTID=0d411266-0002-5ba5-45f2-d1bf4b8e7c1e&ClickID=3"
1510333136956	Marionette	DEBUG	Received DOM event "pageshow" for "http://qy.58.com/29594821998345/574/pn22/?PGTID=0d411266-0002-5ba5-45f2-d1bf4b8e7c1e&ClickID=3"
JavaScript error: http://bdimg.share.baidu.com/static/api/js/trans/logger.js?v=d16ec0e3.js, line 1: TypeError: n.ajax.request is not a function
1510333179317	Marionette	DEBUG	Received DOM event "beforeunload" for "http://qy.58.com/29594821998345/574/pn22/?PGTID=0d411266-0002-5ba5-45f2-d1bf4b8e7c1e&ClickID=3"
1510333179482	Marionette	DEBUG	Received DOM event "pagehide" for "http://qy.58.com/29594821998345/574/pn22/?PGTID=0d411266-0002-5ba5-45f2-d1bf4b8e7c1e&ClickID=3"
1510333179486	Marionette	DEBUG	Received DOM event "unload" for "http://qy.58.com/29594821998345/574/pn22/?PGTID=0d411266-0002-5ba5-45f2-d1bf4b8e7c1e&ClickID=3"
1510333179742	Marionette	DEBUG	Received observer notification "outer-window-destroyed" for "4294967385"
1510333180430	Marionette	DEBUG	Received DOM event "DOMContentLoaded" for "http://qy.58.com/29594821998345/574/pn23/?PGTID=0d411266-0002-5451-ce5a-1621868e3c45&ClickID=4"
1510333180843	Marionette	DEBUG	Received DOM event "pageshow" for "http://qy.58.com/29594821998345/574/pn23/?PGTID=0d411266-0002-5451-ce5a-1621868e3c45&ClickID=4"
JavaScript error: http://bdimg.share.baidu.com/static/api/js/trans/logger.js?v=d16ec0e3.js, line 1: TypeError: n.ajax.request is not a function
1510333223111	Marionette	DEBUG	Received DOM event "beforeunload" for "http://qy.58.com/29594821998345/574/pn23/?PGTID=0d411266-0002-5451-ce5a-1621868e3c45&ClickID=4"
1510333223262	Marionette	DEBUG	Received DOM event "pagehide" for "http://qy.58.com/29594821998345/574/pn23/?PGTID=0d411266-0002-5451-ce5a-1621868e3c45&ClickID=4"
1510333223274	Marionette	DEBUG	Received DOM event "unload" for "http://qy.58.com/29594821998345/574/pn23/?PGTID=0d411266-0002-5451-ce5a-1621868e3c45&ClickID=4"
1510333223486	Marionette	DEBUG	Received observer notification "outer-window-destroyed" for "4294967389"
1510333224127	Marionette	DEBUG	Received DOM event "DOMContentLoaded" for "http://qy.58.com/29594821998345/574/pn24/?PGTID=0d411266-0002-5b85-d3f6-93f377609a33&ClickID=3"
1510333224542	Marionette	DEBUG	Received DOM event "pageshow" for "http://qy.58.com/29594821998345/574/pn24/?PGTID=0d411266-0002-5b85-d3f6-93f377609a33&ClickID=3"
JavaScript error: http://bdimg.share.baidu.com/static/api/js/trans/logger.js?v=d16ec0e3.js, line 1: TypeError: n.ajax.request is not a function
1510333266776	Marionette	DEBUG	Received DOM event "beforeunload" for "http://qy.58.com/29594821998345/574/pn24/?PGTID=0d411266-0002-5b85-d3f6-93f377609a33&ClickID=3"
1510333266913	Marionette	DEBUG	Received DOM event "pagehide" for "http://qy.58.com/29594821998345/574/pn24/?PGTID=0d411266-0002-5b85-d3f6-93f377609a33&ClickID=3"
1510333266925	Marionette	DEBUG	Received DOM event "unload" for "http://qy.58.com/29594821998345/574/pn24/?PGTID=0d411266-0002-5b85-d3f6-93f377609a33&ClickID=3"
1510333267126	Marionette	DEBUG	Received observer notification "outer-window-destroyed" for "4294967393"
1510333267708	Marionette	DEBUG	Received DOM event "DOMContentLoaded" for "http://qy.58.com/29594821998345/574/pn25/?PGTID=0d411266-0002-5142-5b34-0aa990139ab2&ClickID=3"
1510333268084	Marionette	DEBUG	Received DOM event "pageshow" for "http://qy.58.com/29594821998345/574/pn25/?PGTID=0d411266-0002-5142-5b34-0aa990139ab2&ClickID=3"
JavaScript error: http://bdimg.share.baidu.com/static/api/js/trans/logger.js?v=d16ec0e3.js, line 1: TypeError: n.ajax.request is not a function
1510333310239	Marionette	DEBUG	Received DOM event "beforeunload" for "http://qy.58.com/29594821998345/574/pn25/?PGTID=0d411266-0002-5142-5b34-0aa990139ab2&ClickID=3"
1510333310367	Marionette	DEBUG	Received DOM event "pagehide" for "http://qy.58.com/29594821998345/574/pn25/?PGTID=0d411266-0002-5142-5b34-0aa990139ab2&ClickID=3"
1510333310371	Marionette	DEBUG	Received DOM event "unload" for "http://qy.58.com/29594821998345/574/pn25/?PGTID=0d411266-0002-5142-5b34-0aa990139ab2&ClickID=3"
1510333310589	Marionette	DEBUG	Received observer notification "outer-window-destroyed" for "4294967397"
1510333311251	Marionette	DEBUG	Received DOM event "DOMContentLoaded" for "http://qy.58.com/29594821998345/574/pn26/?PGTID=0d411266-0002-5114-a5ca-9831fba8b740&ClickID=3"
1510333311629	Marionette	DEBUG	Received DOM event "pageshow" for "http://qy.58.com/29594821998345/574/pn26/?PGTID=0d411266-0002-5114-a5ca-9831fba8b740&ClickID=3"
JavaScript error: http://bdimg.share.baidu.com/static/api/js/trans/logger.js?v=d16ec0e3.js, line 1: TypeError: n.ajax.request is not a function
1510333353947	Marionette	DEBUG	Received DOM event "beforeunload" for "http://qy.58.com/29594821998345/574/pn26/?PGTID=0d411266-0002-5114-a5ca-9831fba8b740&ClickID=3"
1510333354085	Marionette	DEBUG	Received DOM event "pagehide" for "http://qy.58.com/29594821998345/574/pn26/?PGTID=0d411266-0002-5114-a5ca-9831fba8b740&ClickID=3"
1510333354104	Marionette	DEBUG	Received DOM event "unload" for "http://qy.58.com/29594821998345/574/pn26/?PGTID=0d411266-0002-5114-a5ca-9831fba8b740&ClickID=3"
1510333354372	Marionette	DEBUG	Received observer notification "outer-window-destroyed" for "4294967401"
1510333355066	Marionette	DEBUG	Received DOM event "DOMContentLoaded" for "http://qy.58.com/29594821998345/574/pn27/?PGTID=0d411266-0002-5da7-917a-d66c45dda00e&ClickID=3"
1510333355463	Marionette	DEBUG	Received DOM event "pageshow" for "http://qy.58.com/29594821998345/574/pn27/?PGTID=0d411266-0002-5da7-917a-d66c45dda00e&ClickID=3"
JavaScript error: http://bdimg.share.baidu.com/static/api/js/trans/logger.js?v=d16ec0e3.js, line 1: TypeError: n.ajax.request is not a function
1510333397712	Marionette	DEBUG	Received DOM event "beforeunload" for "http://qy.58.com/29594821998345/574/pn27/?PGTID=0d411266-0002-5da7-917a-d66c45dda00e&ClickID=3"
1510333397870	Marionette	DEBUG	Received DOM event "pagehide" for "http://qy.58.com/29594821998345/574/pn27/?PGTID=0d411266-0002-5da7-917a-d66c45dda00e&ClickID=3"
1510333397875	Marionette	DEBUG	Received DOM event "unload" for "http://qy.58.com/29594821998345/574/pn27/?PGTID=0d411266-0002-5da7-917a-d66c45dda00e&ClickID=3"
1510333398079	Marionette	DEBUG	Received observer notification "outer-window-destroyed" for "4294967405"
1510333398671	Marionette	DEBUG	Received DOM event "DOMContentLoaded" for "http://qy.58.com/29594821998345/574/pn28/?PGTID=0d411266-0002-5c98-7463-956f3db0ed04&ClickID=3"
1510333399023	Marionette	DEBUG	Received DOM event "pageshow" for "http://qy.58.com/29594821998345/574/pn28/?PGTID=0d411266-0002-5c98-7463-956f3db0ed04&ClickID=3"
JavaScript error: http://bdimg.share.baidu.com/static/api/js/trans/logger.js?v=d16ec0e3.js, line 1: TypeError: n.ajax.request is not a function
1510333441469	Marionette	DEBUG	Received DOM event "beforeunload" for "http://qy.58.com/29594821998345/574/pn28/?PGTID=0d411266-0002-5c98-7463-956f3db0ed04&ClickID=3"
1510333441609	Marionette	DEBUG	Received DOM event "pagehide" for "http://qy.58.com/29594821998345/574/pn28/?PGTID=0d411266-0002-5c98-7463-956f3db0ed04&ClickID=3"
1510333441625	Marionette	DEBUG	Received DOM event "unload" for "http://qy.58.com/29594821998345/574/pn28/?PGTID=0d411266-0002-5c98-7463-956f3db0ed04&ClickID=3"
1510333441855	Marionette	DEBUG	Received observer notification "outer-window-destroyed" for "4294967409"
1510333442839	Marionette	DEBUG	Received DOM event "DOMContentLoaded" for "http://qy.58.com/29594821998345/574/pn29/?PGTID=0d411266-0002-54a8-8ff9-af36ef70d083&ClickID=3"
1510333443369	Marionette	DEBUG	Received DOM event "pageshow" for "http://qy.58.com/29594821998345/574/pn29/?PGTID=0d411266-0002-54a8-8ff9-af36ef70d083&ClickID=3"
JavaScript error: http://bdimg.share.baidu.com/static/api/js/trans/logger.js?v=d16ec0e3.js, line 1: TypeError: n.ajax.request is not a function
1510333486757	Marionette	DEBUG	Received DOM event "beforeunload" for "http://qy.58.com/29594821998345/574/pn29/?PGTID=0d411266-0002-54a8-8ff9-af36ef70d083&ClickID=3"
1510333487057	Marionette	DEBUG	Received DOM event "pagehide" for "http://qy.58.com/29594821998345/574/pn29/?PGTID=0d411266-0002-54a8-8ff9-af36ef70d083&ClickID=3"
1510333487068	Marionette	DEBUG	Received DOM event "unload" for "http://qy.58.com/29594821998345/574/pn29/?PGTID=0d411266-0002-54a8-8ff9-af36ef70d083&ClickID=3"
1510333487332	Marionette	DEBUG	Received observer notification "outer-window-destroyed" for "4294967413"
1510333488018	Marionette	DEBUG	Received DOM event "DOMContentLoaded" for "http://qy.58.com/29594821998345/574/pn30/?PGTID=0d411266-0002-5283-67e1-e6eb7aafc3cc&ClickID=3"
1510333490694	Marionette	DEBUG	Received DOM event "pageshow" for "http://qy.58.com/29594821998345/574/pn30/?PGTID=0d411266-0002-5283-67e1-e6eb7aafc3cc&ClickID=3"
JavaScript error: http://bdimg.share.baidu.com/static/api/js/trans/logger.js?v=d16ec0e3.js, line 1: TypeError: n.ajax.request is not a function
1510333532875	Marionette	DEBUG	Received DOM event "beforeunload" for "http://qy.58.com/29594821998345/574/pn30/?PGTID=0d411266-0002-5283-67e1-e6eb7aafc3cc&ClickID=3"
1510333533026	Marionette	DEBUG	Received DOM event "pagehide" for "http://qy.58.com/29594821998345/574/pn30/?PGTID=0d411266-0002-5283-67e1-e6eb7aafc3cc&ClickID=3"
1510333533043	Marionette	DEBUG	Received DOM event "unload" for "http://qy.58.com/29594821998345/574/pn30/?PGTID=0d411266-0002-5283-67e1-e6eb7aafc3cc&ClickID=3"
1510333533244	Marionette	DEBUG	Received observer notification "outer-window-destroyed" for "4294967417"
1510333533825	Marionette	DEBUG	Received DOM event "DOMContentLoaded" for "http://qy.58.com/29594821998345/574/pn31/?PGTID=0d411266-0002-53d3-5c42-5a8304afc05d&ClickID=3"
1510333534226	Marionette	DEBUG	Received DOM event "pageshow" for "http://qy.58.com/29594821998345/574/pn31/?PGTID=0d411266-0002-53d3-5c42-5a8304afc05d&ClickID=3"
JavaScript error: http://bdimg.share.baidu.com/static/api/js/trans/logger.js?v=d16ec0e3.js, line 1: TypeError: n.ajax.request is not a function
1510333576482	Marionette	DEBUG	Received DOM event "beforeunload" for "http://qy.58.com/29594821998345/574/pn31/?PGTID=0d411266-0002-53d3-5c42-5a8304afc05d&ClickID=3"
1510333576655	Marionette	DEBUG	Received DOM event "pagehide" for "http://qy.58.com/29594821998345/574/pn31/?PGTID=0d411266-0002-53d3-5c42-5a8304afc05d&ClickID=3"
1510333576660	Marionette	DEBUG	Received DOM event "unload" for "http://qy.58.com/29594821998345/574/pn31/?PGTID=0d411266-0002-53d3-5c42-5a8304afc05d&ClickID=3"
1510333576885	Marionette	DEBUG	Received observer notification "outer-window-destroyed" for "4294967421"
1510333577503	Marionette	DEBUG	Received DOM event "DOMContentLoaded" for "http://qy.58.com/29594821998345/574/pn32/?PGTID=0d411266-0002-5df0-f88f-0e1c61d28512&ClickID=3"
1510333577872	Marionette	DEBUG	Received DOM event "pageshow" for "http://qy.58.com/29594821998345/574/pn32/?PGTID=0d411266-0002-5df0-f88f-0e1c61d28512&ClickID=3"
JavaScript error: http://bdimg.share.baidu.com/static/api/js/trans/logger.js?v=d16ec0e3.js, line 1: TypeError: n.ajax.request is not a function
1510333620200	Marionette	DEBUG	Received DOM event "beforeunload" for "http://qy.58.com/29594821998345/574/pn32/?PGTID=0d411266-0002-5df0-f88f-0e1c61d28512&ClickID=3"
1510333620436	Marionette	DEBUG	Received DOM event "pagehide" for "http://qy.58.com/29594821998345/574/pn32/?PGTID=0d411266-0002-5df0-f88f-0e1c61d28512&ClickID=3"
1510333620455	Marionette	DEBUG	Received DOM event "unload" for "http://qy.58.com/29594821998345/574/pn32/?PGTID=0d411266-0002-5df0-f88f-0e1c61d28512&ClickID=3"
1510333620866	Marionette	DEBUG	Received observer notification "outer-window-destroyed" for "4294967425"
1510333621758	Marionette	DEBUG	Received DOM event "DOMContentLoaded" for "http://qy.58.com/29594821998345/574/pn33/?PGTID=0d411266-0002-50a1-647b-78252ddb390f&ClickID=3"
1510333622146	Marionette	DEBUG	Received DOM event "pageshow" for "http://qy.58.com/29594821998345/574/pn33/?PGTID=0d411266-0002-50a1-647b-78252ddb390f&ClickID=3"
JavaScript error: http://bdimg.share.baidu.com/static/api/js/trans/logger.js?v=d16ec0e3.js, line 1: TypeError: n.ajax.request is not a function
1510333664415	Marionette	DEBUG	Received DOM event "beforeunload" for "http://qy.58.com/29594821998345/574/pn33/?PGTID=0d411266-0002-50a1-647b-78252ddb390f&ClickID=3"
1510333664561	Marionette	DEBUG	Received DOM event "pagehide" for "http://qy.58.com/29594821998345/574/pn33/?PGTID=0d411266-0002-50a1-647b-78252ddb390f&ClickID=3"
1510333664566	Marionette	DEBUG	Received DOM event "unload" for "http://qy.58.com/29594821998345/574/pn33/?PGTID=0d411266-0002-50a1-647b-78252ddb390f&ClickID=3"
1510333664851	Marionette	DEBUG	Received observer notification "outer-window-destroyed" for "4294967429"
1510333665647	Marionette	DEBUG	Received DOM event "DOMContentLoaded" for "http://qy.58.com/29594821998345/574/pn34/?PGTID=0d411266-0002-5af1-e6a7-ef1c000c2052&ClickID=3"
1510333666133	Marionette	DEBUG	Received DOM event "pageshow" for "http://qy.58.com/29594821998345/574/pn34/?PGTID=0d411266-0002-5af1-e6a7-ef1c000c2052&ClickID=3"
JavaScript error: http://bdimg.share.baidu.com/static/api/js/trans/logger.js?v=d16ec0e3.js, line 1: TypeError: n.ajax.request is not a function
1510333708347	Marionette	DEBUG	Received DOM event "beforeunload" for "http://qy.58.com/29594821998345/574/pn34/?PGTID=0d411266-0002-5af1-e6a7-ef1c000c2052&ClickID=3"
1510333708499	Marionette	DEBUG	Received DOM event "pagehide" for "http://qy.58.com/29594821998345/574/pn34/?PGTID=0d411266-0002-5af1-e6a7-ef1c000c2052&ClickID=3"
1510333708512	Marionette	DEBUG	Received DOM event "unload" for "http://qy.58.com/29594821998345/574/pn34/?PGTID=0d411266-0002-5af1-e6a7-ef1c000c2052&ClickID=3"
1510333708747	Marionette	DEBUG	Received observer notification "outer-window-destroyed" for "4294967433"
1510333709368	Marionette	DEBUG	Received DOM event "DOMContentLoaded" for "http://qy.58.com/29594821998345/574/pn35/?PGTID=0d411266-0002-5273-227c-851e4b2926e0&ClickID=3"
1510333709727	Marionette	DEBUG	Received DOM event "pageshow" for "http://qy.58.com/29594821998345/574/pn35/?PGTID=0d411266-0002-5273-227c-851e4b2926e0&ClickID=3"
JavaScript error: http://bdimg.share.baidu.com/static/api/js/trans/logger.js?v=d16ec0e3.js, line 1: TypeError: n.ajax.request is not a function
1510333752079	Marionette	DEBUG	Received DOM event "beforeunload" for "http://qy.58.com/29594821998345/574/pn35/?PGTID=0d411266-0002-5273-227c-851e4b2926e0&ClickID=3"
1510333752276	Marionette	DEBUG	Received DOM event "pagehide" for "http://qy.58.com/29594821998345/574/pn35/?PGTID=0d411266-0002-5273-227c-851e4b2926e0&ClickID=3"
1510333752281	Marionette	DEBUG	Received DOM event "unload" for "http://qy.58.com/29594821998345/574/pn35/?PGTID=0d411266-0002-5273-227c-851e4b2926e0&ClickID=3"
1510333752496	Marionette	DEBUG	Received observer notification "outer-window-destroyed" for "4294967437"
1510333753215	Marionette	DEBUG	Received DOM event "DOMContentLoaded" for "http://qy.58.com/29594821998345/574/pn36/?PGTID=0d411266-0002-5eb8-cd69-00cda304ca7f&ClickID=3"
1510333753595	Marionette	DEBUG	Received DOM event "pageshow" for "http://qy.58.com/29594821998345/574/pn36/?PGTID=0d411266-0002-5eb8-cd69-00cda304ca7f&ClickID=3"
JavaScript error: http://bdimg.share.baidu.com/static/api/js/trans/logger.js?v=d16ec0e3.js, line 1: TypeError: n.ajax.request is not a function
1510333795796	Marionette	DEBUG	Received DOM event "beforeunload" for "http://qy.58.com/29594821998345/574/pn36/?PGTID=0d411266-0002-5eb8-cd69-00cda304ca7f&ClickID=3"
1510333795960	Marionette	DEBUG	Received DOM event "pagehide" for "http://qy.58.com/29594821998345/574/pn36/?PGTID=0d411266-0002-5eb8-cd69-00cda304ca7f&ClickID=3"
1510333795976	Marionette	DEBUG	Received DOM event "unload" for "http://qy.58.com/29594821998345/574/pn36/?PGTID=0d411266-0002-5eb8-cd69-00cda304ca7f&ClickID=3"
1510333796184	Marionette	DEBUG	Received observer notification "outer-window-destroyed" for "4294967441"
1510333797205	Marionette	DEBUG	Received DOM event "DOMContentLoaded" for "http://qy.58.com/29594821998345/574/pn37/?PGTID=0d411266-0002-56de-fd54-9a33082424af&ClickID=3"
1510333797718	Marionette	DEBUG	Received DOM event "pageshow" for "http://qy.58.com/29594821998345/574/pn37/?PGTID=0d411266-0002-56de-fd54-9a33082424af&ClickID=3"
JavaScript error: http://bdimg.share.baidu.com/static/api/js/trans/logger.js?v=d16ec0e3.js, line 1: TypeError: n.ajax.request is not a function
1510333839932	Marionette	DEBUG	Received DOM event "beforeunload" for "http://qy.58.com/29594821998345/574/pn37/?PGTID=0d411266-0002-56de-fd54-9a33082424af&ClickID=3"
1510333840070	Marionette	DEBUG	Received DOM event "pagehide" for "http://qy.58.com/29594821998345/574/pn37/?PGTID=0d411266-0002-56de-fd54-9a33082424af&ClickID=3"
1510333840076	Marionette	DEBUG	Received DOM event "unload" for "http://qy.58.com/29594821998345/574/pn37/?PGTID=0d411266-0002-56de-fd54-9a33082424af&ClickID=3"
1510333840286	Marionette	DEBUG	Received observer notification "outer-window-destroyed" for "4294967445"
1510333840924	Marionette	DEBUG	Received DOM event "DOMContentLoaded" for "http://qy.58.com/29594821998345/574/pn38/?PGTID=0d411266-0002-584a-a051-481f957c7f22&ClickID=3"
1510333841329	Marionette	DEBUG	Received DOM event "pageshow" for "http://qy.58.com/29594821998345/574/pn38/?PGTID=0d411266-0002-584a-a051-481f957c7f22&ClickID=3"
